build/app/intermediates/manifest_merge_blame_file/release/manifest-merger-blame-release-report.txt
1<?xml version="1.0" encoding="utf-8"?>
2<manifest xmlns:android="http://schemas.android.com/apk/res/android"
3    package="com.flyweis.we_fast_driver_panel"
4    android:versionCode="1"
5    android:versionName="1.0.0" >
6
7    <uses-sdk
8        android:minSdkVersion="20"
8-->src\main\AndroidManifest.xml
9        android:targetSdkVersion="31" />
9-->src\main\AndroidManifest.xml
10
11    <uses-permission android:name="android.permission.FOREGROUND_SERVICE" />
11-->src\main\AndroidManifest.xml:3:5-77
11-->src\main\AndroidManifest.xml:3:22-74
12    <uses-permission android:name="android.permission.ACCESS_BACKGROUND_LOCATION" />
12-->src\main\AndroidManifest.xml:4:5-84
12-->src\main\AndroidManifest.xml:4:22-82
13    <uses-permission android:name="android.permission.ACCESS_COARSE_LOCATION" />
13-->[:location] AndroidManifest.xml:7:5-81
13-->[:location] AndroidManifest.xml:7:22-78
14    <uses-permission android:name="android.permission.ACCESS_FINE_LOCATION" /> <!-- Include required permissions for Google Maps API to run. -->
14-->[:location] AndroidManifest.xml:8:5-79
14-->[:location] AndroidManifest.xml:8:22-76
15    <uses-permission android:name="android.permission.ACCESS_NETWORK_STATE" />
15-->[com.google.android.gms:play-services-maps:18.0.2] AndroidManifest.xml:23:5-79
15-->[com.google.android.gms:play-services-maps:18.0.2] AndroidManifest.xml:23:22-76
16    <uses-permission android:name="android.permission.INTERNET" />
16-->[com.google.android.gms:play-services-maps:18.0.2] AndroidManifest.xml:24:5-67
16-->[com.google.android.gms:play-services-maps:18.0.2] AndroidManifest.xml:24:22-64
17
18    <uses-feature
18-->[com.google.android.gms:play-services-maps:18.0.2] AndroidManifest.xml:26:5-28:35
19        android:glEsVersion="0x00020000"
19-->[com.google.android.gms:play-services-maps:18.0.2] AndroidManifest.xml:27:9-41
20        android:required="true" />
20-->[com.google.android.gms:play-services-maps:18.0.2] AndroidManifest.xml:28:9-32
21
22    <queries>
22-->[com.google.android.gms:play-services-maps:18.0.2] AndroidManifest.xml:30:5-34:15
23
24        <!-- Needs to be explicitly declared on Android R+ -->
25        <package android:name="com.google.android.apps.maps" />
25-->[com.google.android.gms:play-services-maps:18.0.2] AndroidManifest.xml:33:9-64
25-->[com.google.android.gms:play-services-maps:18.0.2] AndroidManifest.xml:33:18-61
26    </queries>
27
28    <application
29        android:name="android.app.Application"
29-->src\main\AndroidManifest.xml:7:9-42
30        android:appComponentFactory="androidx.core.app.CoreComponentFactory"
30-->[androidx.core:core:1.8.0] AndroidManifest.xml:24:18-86
31        android:icon="@mipmap/ic_launcher"
31-->src\main\AndroidManifest.xml:8:9-43
32        android:label="we_fast_driver_panel" >
32-->src\main\AndroidManifest.xml:6:9-45
33        <meta-data
33-->src\main\AndroidManifest.xml:9:9-10:73
34            android:name="com.google.android.geo.API_KEY"
34-->src\main\AndroidManifest.xml:9:20-65
35            android:value="AIzaSyDQ__1W3C2GYf95cWNIN9g3AjPbgpFaev0" />
35-->src\main\AndroidManifest.xml:10:16-71
36
37        <activity
37-->src\main\AndroidManifest.xml:11:9-14:71
38            android:name="com.yalantis.ucrop.UCropActivity"
38-->src\main\AndroidManifest.xml:12:13-60
39            android:screenOrientation="portrait"
39-->src\main\AndroidManifest.xml:13:13-49
40            android:theme="@style/Theme.AppCompat.Light.NoActionBar" />
40-->src\main\AndroidManifest.xml:14:13-69
41        <activity
41-->src\main\AndroidManifest.xml:15:9-35:20
42            android:name="com.flyweis.we_fast_driver_panel.MainActivity"
42-->src\main\AndroidManifest.xml:16:13-41
43            android:configChanges="orientation|keyboardHidden|keyboard|screenSize|smallestScreenSize|locale|layoutDirection|fontScale|screenLayout|density|uiMode"
43-->src\main\AndroidManifest.xml:20:13-163
44            android:exported="true"
44-->src\main\AndroidManifest.xml:17:13-36
45            android:hardwareAccelerated="true"
45-->src\main\AndroidManifest.xml:21:13-47
46            android:launchMode="singleTop"
46-->src\main\AndroidManifest.xml:18:13-43
47            android:theme="@style/LaunchTheme"
47-->src\main\AndroidManifest.xml:19:13-47
48            android:windowSoftInputMode="adjustResize" >
48-->src\main\AndroidManifest.xml:22:13-55
49
50            <!--
51                 Specifies an Android theme to apply to this Activity as soon as
52                 the Android process has started. This theme is visible to the user
53                 while the Flutter UI initializes. After that, this theme continues
54                 to determine the Window background behind the Flutter UI.
55            -->
56            <meta-data
56-->src\main\AndroidManifest.xml:27:13-30:17
57                android:name="io.flutter.embedding.android.NormalTheme"
57-->src\main\AndroidManifest.xml:28:15-70
58                android:resource="@style/NormalTheme" />
58-->src\main\AndroidManifest.xml:29:15-52
59
60            <intent-filter>
60-->src\main\AndroidManifest.xml:31:13-34:29
61                <action android:name="android.intent.action.MAIN" />
61-->src\main\AndroidManifest.xml:32:17-68
61-->src\main\AndroidManifest.xml:32:25-66
62
63                <category android:name="android.intent.category.LAUNCHER" />
63-->src\main\AndroidManifest.xml:33:17-76
63-->src\main\AndroidManifest.xml:33:27-74
64            </intent-filter>
65        </activity>
66        <!--
67             Don't delete the meta-data below.
68             This is used by the Flutter tool to generate GeneratedPluginRegistrant.java
69        -->
70        <meta-data
70-->src\main\AndroidManifest.xml:38:9-40:33
71            android:name="flutterEmbedding"
71-->src\main\AndroidManifest.xml:39:13-44
72            android:value="2" />
72-->src\main\AndroidManifest.xml:40:13-30
73
74        <provider
74-->[:image_picker_android] AndroidManifest.xml:8:9-16:20
75            android:name="io.flutter.plugins.imagepicker.ImagePickerFileProvider"
75-->[:image_picker_android] AndroidManifest.xml:9:13-82
76            android:authorities="com.flyweis.we_fast_driver_panel.flutter.image_provider"
76-->[:image_picker_android] AndroidManifest.xml:10:13-74
77            android:exported="false"
77-->[:image_picker_android] AndroidManifest.xml:11:13-37
78            android:grantUriPermissions="true" >
78-->[:image_picker_android] AndroidManifest.xml:12:13-47
79            <meta-data
79-->[:image_picker_android] AndroidManifest.xml:13:13-15:75
80                android:name="android.support.FILE_PROVIDER_PATHS"
80-->[:image_picker_android] AndroidManifest.xml:14:17-67
81                android:resource="@xml/flutter_image_picker_file_paths" />
81-->[:image_picker_android] AndroidManifest.xml:15:17-72
82        </provider>
83
84        <service
84-->[:location] AndroidManifest.xml:11:9-15:56
85            android:name="com.lyokone.location.FlutterLocationService"
85-->[:location] AndroidManifest.xml:12:13-71
86            android:enabled="true"
86-->[:location] AndroidManifest.xml:13:13-35
87            android:exported="false"
87-->[:location] AndroidManifest.xml:14:13-37
88            android:foregroundServiceType="location" />
88-->[:location] AndroidManifest.xml:15:13-53
89
90        <uses-library
90-->[androidx.window:window:1.0.0-beta04] AndroidManifest.xml:25:9-27:40
91            android:name="androidx.window.extensions"
91-->[androidx.window:window:1.0.0-beta04] AndroidManifest.xml:26:13-54
92            android:required="false" />
92-->[androidx.window:window:1.0.0-beta04] AndroidManifest.xml:27:13-37
93        <uses-library
93-->[androidx.window:window:1.0.0-beta04] AndroidManifest.xml:28:9-30:40
94            android:name="androidx.window.sidecar"
94-->[androidx.window:window:1.0.0-beta04] AndroidManifest.xml:29:13-51
95            android:required="false" /> <!-- Needs to be explicitly declared on P+ -->
95-->[androidx.window:window:1.0.0-beta04] AndroidManifest.xml:30:13-37
96        <uses-library
96-->[com.google.android.gms:play-services-maps:18.0.2] AndroidManifest.xml:39:9-41:40
97            android:name="org.apache.http.legacy"
97-->[com.google.android.gms:play-services-maps:18.0.2] AndroidManifest.xml:40:13-50
98            android:required="false" />
98-->[com.google.android.gms:play-services-maps:18.0.2] AndroidManifest.xml:41:13-37
99
100        <activity
100-->[com.google.android.gms:play-services-base:18.0.1] AndroidManifest.xml:20:9-22:45
101            android:name="com.google.android.gms.common.api.GoogleApiActivity"
101-->[com.google.android.gms:play-services-base:18.0.1] AndroidManifest.xml:20:19-85
102            android:exported="false"
102-->[com.google.android.gms:play-services-base:18.0.1] AndroidManifest.xml:22:19-43
103            android:theme="@android:style/Theme.Translucent.NoTitleBar" />
103-->[com.google.android.gms:play-services-base:18.0.1] AndroidManifest.xml:21:19-78
104
105        <meta-data
105-->[com.google.android.gms:play-services-basement:18.0.0] AndroidManifest.xml:21:9-23:69
106            android:name="com.google.android.gms.version"
106-->[com.google.android.gms:play-services-basement:18.0.0] AndroidManifest.xml:22:13-58
107            android:value="@integer/google_play_services_version" />
107-->[com.google.android.gms:play-services-basement:18.0.0] AndroidManifest.xml:23:13-66
108    </application>
109
110</manifest>